{"level": "info", "msg": "Copied (new)", "object": "docuemnto - copia (2).txt", "objectType": "*local.Object", "source": "operations/operations.go:537", "time": "2022-06-07T16:54:08.059627+02:00", "idcompany": "6", "iduser": "449", "logpath": "LogRsync\\6-449-07_06_2022_16_54_08.log"}
{"level": "info", "msg": "Copied (new)", "object": "docuemnto - copia (3).txt", "objectType": "*local.Object", "source": "operations/operations.go:537", "time": "2022-06-07T16:54:08.060131+02:00", "idcompany": "6", "iduser": "449", "logpath": "LogRsync\\6-449-07_06_2022_16_54_08.log"}
{"level": "info", "msg": "Copied (new)", "object": "docuemnto - copia (4).txt", "objectType": "*local.Object", "source": "operations/operations.go:537", "time": "2022-06-07T16:54:08.060131+02:00", "idcompany": "6", "iduser": "449", "logpath": "LogRsync\\6-449-07_06_2022_16_54_08.log"}
{"level": "info", "msg": "Copied (new)", "object": "Nuevo documento de texto - copia (8).txt", "objectType": "*local.Object", "source": "operations/operations.go:537", "time": "2022-06-07T16:58:15.678973+02:00", "idcompany": "6", "iduser": "449", "logpath": "LogRsync\\6-449-07_06_2022_16_58_15.log"}
{"level": "info", "msg": "Copied (new)", "object": "Nuevo documento de texto.txt", "objectType": "*local.Object", "source": "operations/operations.go:537", "time": "2022-06-07T16:58:15.679488+02:00", "idcompany": "6", "iduser": "449", "logpath": "LogRsync\\6-449-07_06_2022_16_58_15.log"}
{"level": "info", "msg": "Copied (new)", "object": "Nuevo documento de texto - copia (6).txt", "objectType": "*local.Object", "source": "operations/operations.go:537", "time": "2022-06-07T16:58:15.677886+02:00", "idcompany": "6", "iduser": "449", "logpath": "LogRsync\\6-449-07_06_2022_16_58_15.log"}
{"level": "info", "msg": "Copied (new)", "object": "Nuevo documento de texto - copia (3).txt", "objectType": "*local.Object", "source": "operations/operations.go:537", "time": "2022-06-07T16:58:15.677367+02:00", "idcompany": "6", "iduser": "449", "logpath": "LogRsync\\6-449-07_06_2022_16_58_15.log"}
{"level": "info", "msg": "Copied (new)", "object": "Nuevo documento de texto - copia (5).txt", "objectType": "*local.Object", "source": "operations/operations.go:537", "time": "2022-06-07T16:58:15.677367+02:00", "idcompany": "6", "iduser": "449", "logpath": "LogRsync\\6-449-07_06_2022_16_58_15.log"}
{"level": "info", "msg": "Copied (new)", "object": "Nuevo documento de texto - copia (7).txt", "objectType": "*local.Object", "source": "operations/operations.go:537", "time": "2022-06-07T16:58:15.678973+02:00", "idcompany": "6", "iduser": "449", "logpath": "LogRsync\\6-449-07_06_2022_16_58_15.log"}
{"level": "info", "msg": "Copied (new)", "object": "Nuevo documento de texto - copia (9).txt", "objectType": "*local.Object", "source": "operations/operations.go:537", "time": "2022-06-07T16:58:15.678973+02:00", "idcompany": "6", "iduser": "449", "logpath": "LogRsync\\6-449-07_06_2022_16_58_15.log"}
{"level": "info", "msg": "Copied (new)", "object": "Nuevo documento de texto - copia.txt", "objectType": "*local.Object", "source": "operations/operations.go:537", "time": "2022-06-07T16:58:15.678973+02:00", "idcompany": "6", "iduser": "449", "logpath": "LogRsync\\6-449-07_06_2022_16_58_15.log"}
{"level": "info", "msg": "Copied (new)", "object": "Nuevo documento de texto - copia (2).txt", "objectType": "*local.Object", "source": "operations/operations.go:537", "time": "2022-06-07T16:58:15.676816+02:00", "idcompany": "6", "iduser": "449", "logpath": "LogRsync\\6-449-07_06_2022_16_58_15.log"}
{"level": "info", "msg": "Copied (new)", "object": "Nuevo documento de texto - copia (4).txt", "objectType": "*local.Object", "source": "operations/operations.go:537", "time": "2022-06-07T16:58:15.677367+02:00", "idcompany": "6", "iduser": "449", "logpath": "LogRsync\\6-449-07_06_2022_16_58_15.log"}
{"level": "info", "msg": "Deleted", "object": "docuemnto.txt", "objectType": "*local.Object", "source": "operations/operations.go:686", "time": "2022-06-07T16:58:15.680007+02:00", "idcompany": "6", "iduser": "449", "logpath": "LogRsync\\6-449-07_06_2022_16_58_15.log"}
{"level": "info", "msg": "Copied (new)", "object": "Nuevo documento de texto - copia (9).txt", "objectType": "*local.Object", "source": "operations/operations.go:537", "time": "2022-06-07T16:58:15.678973+02:00", "idcompany": "6", "iduser": "449", "logpath": "LogRsync\\6-449-07_06_2022_16_58_15.log"}
{"level": "info", "msg": "Copied (new)", "object": "Nuevo documento de texto - copia.txt", "objectType": "*local.Object", "source": "operations/operations.go:537", "time": "2022-06-07T16:58:15.678973+02:00", "idcompany": "6", "iduser": "449", "logpath": "LogRsync\\6-449-07_06_2022_16_58_15.log"}
{"level": "info", "msg": "Copied (new)", "object": "Nuevo documento de texto - copia (2).txt", "objectType": "*local.Object", "source": "operations/operations.go:537", "time": "2022-06-07T16:58:15.676816+02:00", "idcompany": "6", "iduser": "449", "logpath": "LogRsync\\6-449-07_06_2022_16_58_15.log"}
{"level": "info", "msg": "Copied (new)", "object": "Nuevo documento de texto - copia (3).txt", "objectType": "*local.Object", "source": "operations/operations.go:537", "time": "2022-06-07T16:58:15.677367+02:00", "idcompany": "6", "iduser": "449", "logpath": "LogRsync\\6-449-07_06_2022_16_58_15.log"}
{"level": "info", "msg": "Copied (new)", "object": "Nuevo documento de texto - copia (6).txt", "objectType": "*local.Object", "source": "operations/operations.go:537", "time": "2022-06-07T16:58:15.677886+02:00", "idcompany": "6", "iduser": "449", "logpath": "LogRsync\\6-449-07_06_2022_16_58_15.log"}
{"level": "info", "msg": "Copied (new)", "object": "Nuevo documento de texto.txt", "objectType": "*local.Object", "source": "operations/operations.go:537", "time": "2022-06-07T16:58:15.679488+02:00", "idcompany": "6", "iduser": "449", "logpath": "LogRsync\\6-449-07_06_2022_16_58_15.log"}
{"level": "info", "msg": "Copied (new)", "object": "Nuevo documento de texto - copia (5).txt", "objectType": "*local.Object", "source": "operations/operations.go:537", "time": "2022-06-07T16:58:15.677367+02:00", "idcompany": "6", "iduser": "449", "logpath": "LogRsync\\6-449-07_06_2022_16_58_15.log"}
{"level": "info", "msg": "Copied (new)", "object": "Nuevo documento de texto - copia (8).txt", "objectType": "*local.Object", "source": "operations/operations.go:537", "time": "2022-06-07T16:58:15.678973+02:00", "idcompany": "6", "iduser": "449", "logpath": "LogRsync\\6-449-07_06_2022_16_58_15.log"}
{"level": "info", "msg": "Copied (new)", "object": "Nuevo documento de texto - copia (7).txt", "objectType": "*local.Object", "source": "operations/operations.go:537", "time": "2022-06-07T16:58:15.678973+02:00", "idcompany": "6", "iduser": "449", "logpath": "LogRsync\\6-449-07_06_2022_16_58_15.log"}
{"level": "info", "msg": "Copied (new)", "object": "Nuevo documento de texto - copia (4).txt", "objectType": "*local.Object", "source": "operations/operations.go:537", "time": "2022-06-07T16:58:15.677367+02:00", "idcompany": "6", "iduser": "449", "logpath": "LogRsync\\6-449-07_06_2022_16_58_15.log"}
{"level": "info", "msg": "Copied (new)", "object": "Nuevo documento de texto - copia (2).txt", "objectType": "*local.Object", "source": "operations/operations.go:537", "time": "2022-06-07T16:58:15.676816+02:00", "idcompany": "6", "iduser": "449", "logpath": "LogRsync\\6-449-07_06_2022_16_58_15.log"}
{"level": "info", "msg": "Copied (new)", "object": "Nuevo documento de texto - copia (5).txt", "objectType": "*local.Object", "source": "operations/operations.go:537", "time": "2022-06-07T16:58:15.677367+02:00", "idcompany": "6", "iduser": "449", "logpath": "LogRsync\\6-449-07_06_2022_16_58_15.log"}
{"level": "info", "msg": "Copied (new)", "object": "Nuevo documento de texto - copia (3).txt", "objectType": "*local.Object", "source": "operations/operations.go:537", "time": "2022-06-07T16:58:15.677367+02:00", "idcompany": "6", "iduser": "449", "logpath": "LogRsync\\6-449-07_06_2022_16_58_15.log"}
{"level": "info", "msg": "Copied (new)", "object": "Nuevo documento de texto.txt", "objectType": "*local.Object", "source": "operations/operations.go:537", "time": "2022-06-07T16:58:15.679488+02:00", "idcompany": "6", "iduser": "449", "logpath": "LogRsync\\6-449-07_06_2022_16_58_15.log"}
{"level": "info", "msg": "Copied (new)", "object": "Nuevo documento de texto - copia (9).txt", "objectType": "*local.Object", "source": "operations/operations.go:537", "time": "2022-06-07T16:58:15.678973+02:00", "idcompany": "6", "iduser": "449", "logpath": "LogRsync\\6-449-07_06_2022_16_58_15.log"}
{"level": "info", "msg": "Copied (new)", "object": "Nuevo documento de texto - copia.txt", "objectType": "*local.Object", "source": "operations/operations.go:537", "time": "2022-06-07T16:58:15.678973+02:00", "idcompany": "6", "iduser": "449", "logpath": "LogRsync\\6-449-07_06_2022_16_58_15.log"}
{"level": "info", "msg": "Copied (new)", "object": "Nuevo documento de texto - copia (6).txt", "objectType": "*local.Object", "source": "operations/operations.go:537", "time": "2022-06-07T16:58:15.677886+02:00", "idcompany": "6", "iduser": "449", "logpath": "LogRsync\\6-449-07_06_2022_16_58_15.log"}
{"level": "info", "msg": "Copied (new)", "object": "Nuevo documento de texto - copia (4).txt", "objectType": "*local.Object", "source": "operations/operations.go:537", "time": "2022-06-07T16:58:15.677367+02:00", "idcompany": "6", "iduser": "449", "logpath": "LogRsync\\6-449-07_06_2022_16_58_15.log"}
{"level": "info", "msg": "Copied (new)", "object": "Nuevo documento de texto - copia (8).txt", "objectType": "*local.Object", "source": "operations/operations.go:537", "time": "2022-06-07T16:58:15.678973+02:00", "idcompany": "6", "iduser": "449", "logpath": "LogRsync\\6-449-07_06_2022_16_58_15.log"}
{"level": "info", "msg": "Copied (new)", "object": "Nuevo documento de texto - copia (7).txt", "objectType": "*local.Object", "source": "operations/operations.go:537", "time": "2022-06-07T16:58:15.678973+02:00", "idcompany": "6", "iduser": "449", "logpath": "LogRsync\\6-449-07_06_2022_16_58_15.log"}
{"level": "info", "msg": "Copied (new)", "object": "Nuevo documento de texto - copia (2).txt", "objectType": "*local.Object", "source": "operations/operations.go:537", "time": "2022-06-07T16:58:15.676816+02:00", "idcompany": "6", "iduser": "449", "logpath": "LogRsync\\6-449-07_06_2022_16_58_15.log"}
{"level": "info", "msg": "Copied (new)", "object": "Nuevo documento de texto - copia (3).txt", "objectType": "*local.Object", "source": "operations/operations.go:537", "time": "2022-06-07T16:58:15.677367+02:00", "idcompany": "6", "iduser": "449", "logpath": "LogRsync\\6-449-07_06_2022_16_58_15.log"}
{"level": "info", "msg": "Copied (new)", "object": "Nuevo documento de texto - copia (4).txt", "objectType": "*local.Object", "source": "operations/operations.go:537", "time": "2022-06-07T16:58:15.677367+02:00", "idcompany": "6", "iduser": "449", "logpath": "LogRsync\\6-449-07_06_2022_16_58_15.log"}
{"level": "info", "msg": "Copied (new)", "object": "Nuevo documento de texto - copia.txt", "objectType": "*local.Object", "source": "operations/operations.go:537", "time": "2022-06-07T16:58:15.678973+02:00", "idcompany": "6", "iduser": "449", "logpath": "LogRsync\\6-449-07_06_2022_16_58_15.log"}
{"level": "info", "msg": "Copied (new)", "object": "Nuevo documento de texto - copia (6).txt", "objectType": "*local.Object", "source": "operations/operations.go:537", "time": "2022-06-07T16:58:15.677886+02:00", "idcompany": "6", "iduser": "449", "logpath": "LogRsync\\6-449-07_06_2022_16_58_15.log"}
{"level": "info", "msg": "Copied (new)", "object": "Nuevo documento de texto - copia (5).txt", "objectType": "*local.Object", "source": "operations/operations.go:537", "time": "2022-06-07T16:58:15.677367+02:00", "idcompany": "6", "iduser": "449", "logpath": "LogRsync\\6-449-07_06_2022_16_58_15.log"}
{"level": "info", "msg": "Copied (new)", "object": "Nuevo documento de texto.txt", "objectType": "*local.Object", "source": "operations/operations.go:537", "time": "2022-06-07T16:58:15.679488+02:00", "idcompany": "6", "iduser": "449", "logpath": "LogRsync\\6-449-07_06_2022_16_58_15.log"}
{"level": "info", "msg": "Copied (new)", "object": "Nuevo documento de texto - copia (7).txt", "objectType": "*local.Object", "source": "operations/operations.go:537", "time": "2022-06-07T16:58:15.678973+02:00", "idcompany": "6", "iduser": "449", "logpath": "LogRsync\\6-449-07_06_2022_16_58_15.log"}
{"level": "info", "msg": "Copied (new)", "object": "Nuevo documento de texto - copia (9).txt", "objectType": "*local.Object", "source": "operations/operations.go:537", "time": "2022-06-07T16:58:15.678973+02:00", "idcompany": "6", "iduser": "449", "logpath": "LogRsync\\6-449-07_06_2022_16_58_15.log"}
{"level": "info", "msg": "Copied (new)", "object": "Nuevo documento de texto - copia (8).txt", "objectType": "*local.Object", "source": "operations/operations.go:537", "time": "2022-06-07T16:58:15.678973+02:00", "idcompany": "6", "iduser": "449", "logpath": "LogRsync\\6-449-07_06_2022_16_58_15.log"}
{"level": "info", "msg": "Copied (new)", "object": "Nuevo documento de texto - copia (3).txt", "objectType": "*local.Object", "source": "operations/operations.go:537", "time": "2022-06-07T16:58:15.677367+02:00", "idcompany": "6", "iduser": "449", "logpath": "LogRsync\\6-449-07_06_2022_16_58_15.log"}
{"level": "info", "msg": "Copied (new)", "object": "Nuevo documento de texto - copia (2).txt", "objectType": "*local.Object", "source": "operations/operations.go:537", "time": "2022-06-07T16:58:15.676816+02:00", "idcompany": "6", "iduser": "449", "logpath": "LogRsync\\6-449-07_06_2022_16_58_15.log"}
{"level": "info", "msg": "Copied (new)", "object": "Nuevo documento de texto.txt", "objectType": "*local.Object", "source": "operations/operations.go:537", "time": "2022-06-07T16:58:15.679488+02:00", "idcompany": "6", "iduser": "449", "logpath": "LogRsync\\6-449-07_06_2022_16_58_15.log"}
{"level": "info", "msg": "Copied (new)", "object": "Nuevo documento de texto - copia (4).txt", "objectType": "*local.Object", "source": "operations/operations.go:537", "time": "2022-06-07T16:58:15.677367+02:00", "idcompany": "6", "iduser": "449", "logpath": "LogRsync\\6-449-07_06_2022_16_58_15.log"}
{"level": "info", "msg": "Copied (new)", "object": "Nuevo documento de texto - copia (6).txt", "objectType": "*local.Object", "source": "operations/operations.go:537", "time": "2022-06-07T16:58:15.677886+02:00", "idcompany": "6", "iduser": "449", "logpath": "LogRsync\\6-449-07_06_2022_16_58_15.log"}
{"level": "info", "msg": "Copied (new)", "object": "Nuevo documento de texto - copia (7).txt", "objectType": "*local.Object", "source": "operations/operations.go:537", "time": "2022-06-07T16:58:15.678973+02:00", "idcompany": "6", "iduser": "449", "logpath": "LogRsync\\6-449-07_06_2022_16_58_15.log"}
{"level": "info", "msg": "Copied (new)", "object": "Nuevo documento de texto - copia (8).txt", "objectType": "*local.Object", "source": "operations/operations.go:537", "time": "2022-06-07T16:58:15.678973+02:00", "idcompany": "6", "iduser": "449", "logpath": "LogRsync\\6-449-07_06_2022_16_58_15.log"}
{"level": "info", "msg": "Copied (new)", "object": "Nuevo documento de texto - copia (9).txt", "objectType": "*local.Object", "source": "operations/operations.go:537", "time": "2022-06-07T16:58:15.678973+02:00", "idcompany": "6", "iduser": "449", "logpath": "LogRsync\\6-449-07_06_2022_16_58_15.log"}
{"level": "info", "msg": "Copied (new)", "object": "Nuevo documento de texto - copia.txt", "objectType": "*local.Object", "source": "operations/operations.go:537", "time": "2022-06-07T16:58:15.678973+02:00", "idcompany": "6", "iduser": "449", "logpath": "LogRsync\\6-449-07_06_2022_16_58_15.log"}
{"level": "info", "msg": "Copied (new)", "object": "Nuevo documento de texto - copia (5).txt", "objectType": "*local.Object", "source": "operations/operations.go:537", "time": "2022-06-07T16:58:15.677367+02:00", "idcompany": "6", "iduser": "449", "logpath": "LogRsync\\6-449-07_06_2022_16_58_15.log"}
{"level": "info", "msg": "Copied (new)", "object": "Nuevo documento de texto - copia (4).txt", "objectType": "*local.Object", "source": "operations/operations.go:537", "time": "2022-06-07T16:58:15.677367+02:00", "idcompany": "6", "iduser": "449", "logpath": "LogRsync\\6-449-07_06_2022_16_58_15.log"}
{"level": "info", "msg": "Copied (new)", "object": "Nuevo documento de texto - copia (8).txt", "objectType": "*local.Object", "source": "operations/operations.go:537", "time": "2022-06-07T16:58:15.678973+02:00", "idcompany": "6", "iduser": "449", "logpath": "LogRsync\\6-449-07_06_2022_16_58_15.log"}
{"level": "info", "msg": "Copied (new)", "object": "Nuevo documento de texto - copia.txt", "objectType": "*local.Object", "source": "operations/operations.go:537", "time": "2022-06-07T16:58:15.678973+02:00", "idcompany": "6", "iduser": "449", "logpath": "LogRsync\\6-449-07_06_2022_16_58_15.log"}
{"level": "info", "msg": "Copied (new)", "object": "Nuevo documento de texto - copia (9).txt", "objectType": "*local.Object", "source": "operations/operations.go:537", "time": "2022-06-07T16:58:15.678973+02:00", "idcompany": "6", "iduser": "449", "logpath": "LogRsync\\6-449-07_06_2022_16_58_15.log"}
{"level": "info", "msg": "Copied (new)", "object": "Nuevo documento de texto - copia (2).txt", "objectType": "*local.Object", "source": "operations/operations.go:537", "time": "2022-06-07T16:58:15.676816+02:00", "idcompany": "6", "iduser": "449", "logpath": "LogRsync\\6-449-07_06_2022_16_58_15.log"}
{"level": "info", "msg": "Copied (new)", "object": "Nuevo documento de texto - copia (3).txt", "objectType": "*local.Object", "source": "operations/operations.go:537", "time": "2022-06-07T16:58:15.677367+02:00", "idcompany": "6", "iduser": "449", "logpath": "LogRsync\\6-449-07_06_2022_16_58_15.log"}
{"level": "info", "msg": "Copied (new)", "object": "Nuevo documento de texto - copia (5).txt", "objectType": "*local.Object", "source": "operations/operations.go:537", "time": "2022-06-07T16:58:15.677367+02:00", "idcompany": "6", "iduser": "449", "logpath": "LogRsync\\6-449-07_06_2022_16_58_15.log"}
{"level": "info", "msg": "Copied (new)", "object": "Nuevo documento de texto - copia (7).txt", "objectType": "*local.Object", "source": "operations/operations.go:537", "time": "2022-06-07T16:58:15.678973+02:00", "idcompany": "6", "iduser": "449", "logpath": "LogRsync\\6-449-07_06_2022_16_58_15.log"}
{"level": "info", "msg": "Copied (new)", "object": "Nuevo documento de texto.txt", "objectType": "*local.Object", "source": "operations/operations.go:537", "time": "2022-06-07T16:58:15.679488+02:00", "idcompany": "6", "iduser": "449", "logpath": "LogRsync\\6-449-07_06_2022_16_58_15.log"}
{"level": "info", "msg": "Copied (new)", "object": "Nuevo documento de texto - copia (6).txt", "objectType": "*local.Object", "source": "operations/operations.go:537", "time": "2022-06-07T16:58:15.677886+02:00", "idcompany": "6", "iduser": "449", "logpath": "LogRsync\\6-449-07_06_2022_16_58_15.log"}
{"level": "info", "msg": "Copied (new)", "object": "Manual LEFEBVRE.pdf", "objectType": "*local.Object", "source": "operations/operations.go:537", "time": "2022-06-07T16:58:15.677367+02:00", "idcompany": "6", "iduser": "449", "logpath": "LogRsync\\6-449-07_06_2022_16_58_15.log"}
